# JRE version: OpenJDK Runtime Environment Temurin-23.0.2+7 (23.0.2+7) (build 23.0.2+7)
# Java VM: OpenJDK 64-Bit Server VM Temurin-23.0.2+7 (23.0.2+7, mixed mode, sharing, tiered, compressed oops, compressed class ptrs, g1 gc, windows-amd64)
GC Precious Log:
 CardTable entry size: 512
 Card Set container configuration: InlinePtr #cards 5 size 8 Array Of Cards #cards 10 size 36 Howl #buckets 4 coarsen threshold 1843 Howl Bitmap #cards 512 size 80 coarsen threshold 460 Card regions per heap region 1 cards per card region 2048
 CPUs: 2 total, 2 available
 Memory: 3911M
 Large Page Support: Disabled
 NUMA Support: Disabled
 Compressed Oops: Enabled (32-bit)
 Heap Region Size: 1M
 Heap Min Capacity: 8M
 Heap Initial Capacity: 62M
 Heap Max Capacity: 978M
 Pre-touch: Disabled
 Parallel Workers: 2
 Concurrent Workers: 1
 Concurrent Refinement Workers: 2
 Periodic GC: Disabled
Heap:
 garbage-first heap   total reserved 1001472K, committed 40960K, used 20544K [0x00000000c2e00000, 0x0000000100000000)
  region size 1024K, 13 young (13312K), 3 survivors (3072K)
 Metaspace       used 23484K, committed 23872K, reserved 1114112K
  class space    used 2994K, committed 3136K, reserved 1048576K
GC Heap History (12 events):
Event: 1.732 GC heap before
{Heap before GC invocations=0 (full 0):
 garbage-first heap   total reserved 1001472K, committed 63488K, used 7168K [0x00000000c2e00000, 0x0000000100000000)
  region size 1024K, 7 young (7168K), 0 survivors (0K)
 Metaspace       used 1741K, committed 1856K, reserved 1114112K
  class space    used 160K, committed 192K, reserved 1048576K
}
Event: 1.743 GC heap after
{Heap after GC invocations=1 (full 0):
 garbage-first heap   total reserved 1001472K, committed 63488K, used 3200K [0x00000000c2e00000, 0x0000000100000000)
  region size 1024K, 1 young (1024K), 1 survivors (1024K)
 Metaspace       used 1741K, committed 1856K, reserved 1114112K
  class space    used 160K, committed 192K, reserved 1048576K
}
Event: 2.349 GC heap before
{Heap before GC invocations=1 (full 0):
 garbage-first heap   total reserved 1001472K, committed 63488K, used 8320K [0x00000000c2e00000, 0x0000000100000000)
  region size 1024K, 6 young (6144K), 1 survivors (1024K)
 Metaspace       used 3681K, committed 3840K, reserved 1114112K
  class space    used 436K, committed 512K, reserved 1048576K
}
Event: 2.355 GC heap after
{Heap after GC invocations=2 (full 0):
 garbage-first heap   total reserved 1001472K, committed 63488K, used 3786K [0x00000000c2e00000, 0x0000000100000000)
  region size 1024K, 1 young (1024K), 1 survivors (1024K)
 Metaspace       used 3681K, committed 3840K, reserved 1114112K
  class space    used 436K, committed 512K, reserved 1048576K
}
Event: 4.163 GC heap before
{Heap before GC invocations=2 (full 0):
 garbage-first heap   total reserved 1001472K, committed 63488K, used 17098K [0x00000000c2e00000, 0x0000000100000000)
  region size 1024K, 15 young (15360K), 1 survivors (1024K)
 Metaspace       used 7715K, committed 7936K, reserved 1114112K
  class space    used 997K, committed 1088K, reserved 1048576K
}
Event: 4.171 GC heap after
{Heap after GC invocations=3 (full 0):
 garbage-first heap   total reserved 1001472K, committed 63488K, used 5082K [0x00000000c2e00000, 0x0000000100000000)
  region size 1024K, 2 young (2048K), 2 survivors (2048K)
 Metaspace       used 7715K, committed 7936K, reserved 1114112K
  class space    used 997K, committed 1088K, reserved 1048576K
}
Event: 5.276 GC heap before
{Heap before GC invocations=3 (full 0):
 garbage-first heap   total reserved 1001472K, committed 63488K, used 21466K [0x00000000c2e00000, 0x0000000100000000)
  region size 1024K, 19 young (19456K), 2 survivors (2048K)
 Metaspace       used 12156K, committed 12480K, reserved 1114112K
  class space    used 1506K, committed 1664K, reserved 1048576K
}
Event: 5.291 GC heap after
{Heap after GC invocations=4 (full 0):
 garbage-first heap   total reserved 1001472K, committed 63488K, used 6807K [0x00000000c2e00000, 0x0000000100000000)
  region size 1024K, 3 young (3072K), 3 survivors (3072K)
 Metaspace       used 12156K, committed 12480K, reserved 1114112K
  class space    used 1506K, committed 1664K, reserved 1048576K
}
Event: 7.673 GC heap before
{Heap before GC invocations=4 (full 0):
 garbage-first heap   total reserved 1001472K, committed 63488K, used 28311K [0x00000000c2e00000, 0x0000000100000000)
  region size 1024K, 25 young (25600K), 3 survivors (3072K)
 Metaspace       used 17398K, committed 17728K, reserved 1114112K
  class space    used 2206K, committed 2368K, reserved 1048576K
}
Event: 7.692 GC heap after
{Heap after GC invocations=5 (full 0):
 garbage-first heap   total reserved 1001472K, committed 63488K, used 9112K [0x00000000c2e00000, 0x0000000100000000)
  region size 1024K, 4 young (4096K), 4 survivors (4096K)
 Metaspace       used 17398K, committed 17728K, reserved 1114112K
  class space    used 2206K, committed 2368K, reserved 1048576K
}
Event: 11.372 GC heap before
{Heap before GC invocations=5 (full 0):
 garbage-first heap   total reserved 1001472K, committed 63488K, used 32664K [0x00000000c2e00000, 0x0000000100000000)
  region size 1024K, 28 young (28672K), 4 survivors (4096K)
 Metaspace       used 21127K, committed 21504K, reserved 1114112K
  class space    used 2683K, committed 2880K, reserved 1048576K
}
Event: 11.389 GC heap after
{Heap after GC invocations=6 (full 0):
 garbage-first heap   total reserved 1001472K, committed 63488K, used 11328K [0x00000000c2e00000, 0x0000000100000000)
  region size 1024K, 3 young (3072K), 3 survivors (3072K)
 Metaspace       used 21127K, committed 21504K, reserved 1114112K
  class space    used 2683K, committed 2880K, reserved 1048576K
}

